Build started 7/12/2012 5:27:45 PM.
     1>Project "D:\Study\OpenCV Projects\Hum_navigation\Hum_navigation\Hum_navigation.vcxproj" on node 2 (build target(s)).
     1>PrepareForBuild:
         Creating directory "D:\Study\OpenCV Projects\Hum_navigation\Debug\".
       InitializeBuildStatus:
         Creating "Debug\Hum_navigation.unsuccessfulbuild" because "AlwaysCreate" was specified.
       ClCompile:
         C:\Program Files (x86)\Microsoft Visual Studio 10.0\VC\bin\CL.exe /c /ZI /nologo /W3 /WX- /Od /Oy- /D _MBCS /Gm /EHsc /RTC1 /MDd /GS /fp:precise /Zc:wchar_t /Zc:forScope /Fo"Debug\\" /Fd"Debug\vc100.pdb" /Gd /TP /analyze- /errorReport:prompt basic_navigation.cpp
         basic_navigation.cpp
     1>d:\study\opencv projects\hum_navigation\hum_navigation\basic_navigation.cpp(4): fatal error C1083: Cannot open include file: 'opencv2\opencv.hpp': No such file or directory
     1>Done Building Project "D:\Study\OpenCV Projects\Hum_navigation\Hum_navigation\Hum_navigation.vcxproj" (build target(s)) -- FAILED.

Build FAILED.

Time Elapsed 00:00:01.49
